2022-10-27 === [restartedMain] === INFO  === com.example.demo.SpringBootDemoApplication ==== Starting SpringBootDemoApplication using Java 1.8.0_241 on MSI with PID 23772 (C:\Users\wilso\git\spring-boot-demo\target\classes started by wilso in C:\Users\wilso\git\spring-boot-demo)
2022-10-27 === [restartedMain] === INFO  === com.example.demo.SpringBootDemoApplication ==== No active profile set, falling back to default profiles: default
2022-10-27 === [restartedMain] === INFO  === o.s.b.d.env.DevToolsPropertyDefaultsPostProcessor ==== Devtools property defaults active! Set 'spring.devtools.add-properties' to 'false' to disable
2022-10-27 === [restartedMain] === INFO  === o.s.b.d.env.DevToolsPropertyDefaultsPostProcessor ==== For additional web related logging consider setting the 'logging.level.web' property to 'DEBUG'
2022-10-27 === [restartedMain] === INFO  === o.s.boot.web.embedded.tomcat.TomcatWebServer ==== Tomcat initialized with port(s): 8080 (http)
2022-10-27 === [restartedMain] === INFO  === org.apache.catalina.core.StandardService ==== Starting service [Tomcat]
2022-10-27 === [restartedMain] === INFO  === org.apache.catalina.core.StandardEngine ==== Starting Servlet engine: [Apache Tomcat/9.0.52]
2022-10-27 === [restartedMain] === INFO  === o.a.c.core.ContainerBase.[Tomcat].[localhost].[/] ==== Initializing Spring embedded WebApplicationContext
2022-10-27 === [restartedMain] === INFO  === o.s.b.w.s.c.ServletWebServerApplicationContext ==== Root WebApplicationContext: initialization completed in 3052 ms
2022-10-27 === [restartedMain] === INFO  === o.s.b.d.autoconfigure.OptionalLiveReloadServer ==== LiveReload server is running on port 35729
2022-10-27 === [restartedMain] === INFO  === o.s.boot.web.embedded.tomcat.TomcatWebServer ==== Tomcat started on port(s): 8080 (http) with context path ''
2022-10-27 === [restartedMain] === INFO  === com.example.demo.SpringBootDemoApplication ==== Started SpringBootDemoApplication in 4.999 seconds (JVM running for 6.258)
2022-10-27 === [http-nio-8080-exec-1] === INFO  === o.a.c.core.ContainerBase.[Tomcat].[localhost].[/] ==== Initializing Spring DispatcherServlet 'dispatcherServlet'
2022-10-27 === [http-nio-8080-exec-1] === INFO  === org.springframework.web.servlet.DispatcherServlet ==== Initializing Servlet 'dispatcherServlet'
2022-10-27 === [http-nio-8080-exec-1] === INFO  === org.springframework.web.servlet.DispatcherServlet ==== Completed initialization in 3 ms
2022-10-27 === [http-nio-8080-exec-1] === INFO  === com.example.demo.aop.MemberAccountAspect ==== 訪問 /login
2022-10-27 === [http-nio-8080-exec-1] === INFO  === com.example.demo.aop.MemberAccountAspect ==== 訪問 /login
2022-10-27 === [http-nio-8080-exec-1] === INFO  === com.example.demo.aop.MemberAccountAspect ==== Return: login
2022-10-27 === [http-nio-8080-exec-1] === INFO  === com.example.demo.aop.MemberAccountAspect ==== 訪問 /login
2022-10-27 === [http-nio-8080-exec-1] === INFO  === com.example.demo.aop.MemberAccountAspect ==== 訪問 /login Time spent: 26
2022-10-27 === [http-nio-8080-exec-1] === ERROR === org.thymeleaf.TemplateEngine ==== [THYMELEAF][http-nio-8080-exec-1] Exception processing template "login": An error happened during template parsing (template: "class path resource [templates/login.html]")
org.thymeleaf.exceptions.TemplateInputException: An error happened during template parsing (template: "class path resource [templates/login.html]")
	at org.thymeleaf.templateparser.markup.AbstractMarkupTemplateParser.parse(AbstractMarkupTemplateParser.java:241)
	at org.thymeleaf.templateparser.markup.AbstractMarkupTemplateParser.parseStandalone(AbstractMarkupTemplateParser.java:100)
	at org.thymeleaf.engine.TemplateManager.parseAndProcess(TemplateManager.java:666)
	at org.thymeleaf.TemplateEngine.process(TemplateEngine.java:1098)
	at org.thymeleaf.TemplateEngine.process(TemplateEngine.java:1072)
	at org.thymeleaf.spring5.view.ThymeleafView.renderFragment(ThymeleafView.java:366)
	at org.thymeleaf.spring5.view.ThymeleafView.render(ThymeleafView.java:190)
	at org.springframework.web.servlet.DispatcherServlet.render(DispatcherServlet.java:1397)
	at org.springframework.web.servlet.DispatcherServlet.processDispatchResult(DispatcherServlet.java:1142)
	at org.springframework.web.servlet.DispatcherServlet.doDispatch(DispatcherServlet.java:1081)
	at org.springframework.web.servlet.DispatcherServlet.doService(DispatcherServlet.java:963)
	at org.springframework.web.servlet.FrameworkServlet.processRequest(FrameworkServlet.java:1006)
	at org.springframework.web.servlet.FrameworkServlet.doGet(FrameworkServlet.java:898)
	at javax.servlet.http.HttpServlet.service(HttpServlet.java:655)
	at org.springframework.web.servlet.FrameworkServlet.service(FrameworkServlet.java:883)
	at javax.servlet.http.HttpServlet.service(HttpServlet.java:764)
	at org.apache.catalina.core.ApplicationFilterChain.internalDoFilter(ApplicationFilterChain.java:227)
	at org.apache.catalina.core.ApplicationFilterChain.doFilter(ApplicationFilterChain.java:162)
	at org.apache.tomcat.websocket.server.WsFilter.doFilter(WsFilter.java:53)
	at org.apache.catalina.core.ApplicationFilterChain.internalDoFilter(ApplicationFilterChain.java:189)
	at org.apache.catalina.core.ApplicationFilterChain.doFilter(ApplicationFilterChain.java:162)
	at org.springframework.web.filter.RequestContextFilter.doFilterInternal(RequestContextFilter.java:100)
	at org.springframework.web.filter.OncePerRequestFilter.doFilter(OncePerRequestFilter.java:119)
	at org.apache.catalina.core.ApplicationFilterChain.internalDoFilter(ApplicationFilterChain.java:189)
	at org.apache.catalina.core.ApplicationFilterChain.doFilter(ApplicationFilterChain.java:162)
	at org.springframework.web.filter.FormContentFilter.doFilterInternal(FormContentFilter.java:93)
	at org.springframework.web.filter.OncePerRequestFilter.doFilter(OncePerRequestFilter.java:119)
	at org.apache.catalina.core.ApplicationFilterChain.internalDoFilter(ApplicationFilterChain.java:189)
	at org.apache.catalina.core.ApplicationFilterChain.doFilter(ApplicationFilterChain.java:162)
	at org.springframework.web.filter.CharacterEncodingFilter.doFilterInternal(CharacterEncodingFilter.java:201)
	at org.springframework.web.filter.OncePerRequestFilter.doFilter(OncePerRequestFilter.java:119)
	at org.apache.catalina.core.ApplicationFilterChain.internalDoFilter(ApplicationFilterChain.java:189)
	at org.apache.catalina.core.ApplicationFilterChain.doFilter(ApplicationFilterChain.java:162)
	at org.apache.catalina.core.StandardWrapperValve.invoke(StandardWrapperValve.java:197)
	at org.apache.catalina.core.StandardContextValve.invoke(StandardContextValve.java:97)
	at org.apache.catalina.authenticator.AuthenticatorBase.invoke(AuthenticatorBase.java:542)
	at org.apache.catalina.core.StandardHostValve.invoke(StandardHostValve.java:135)
	at org.apache.catalina.valves.ErrorReportValve.invoke(ErrorReportValve.java:92)
	at org.apache.catalina.core.StandardEngineValve.invoke(StandardEngineValve.java:78)
	at org.apache.catalina.connector.CoyoteAdapter.service(CoyoteAdapter.java:357)
	at org.apache.coyote.http11.Http11Processor.service(Http11Processor.java:382)
	at org.apache.coyote.AbstractProcessorLight.process(AbstractProcessorLight.java:65)
	at org.apache.coyote.AbstractProtocol$ConnectionHandler.process(AbstractProtocol.java:893)
	at org.apache.tomcat.util.net.NioEndpoint$SocketProcessor.doRun(NioEndpoint.java:1726)
	at org.apache.tomcat.util.net.SocketProcessorBase.run(SocketProcessorBase.java:49)
	at org.apache.tomcat.util.threads.ThreadPoolExecutor.runWorker(ThreadPoolExecutor.java:1191)
	at org.apache.tomcat.util.threads.ThreadPoolExecutor$Worker.run(ThreadPoolExecutor.java:659)
	at org.apache.tomcat.util.threads.TaskThread$WrappingRunnable.run(TaskThread.java:61)
	at java.lang.Thread.run(Thread.java:748)
Caused by: org.attoparser.ParseException: Error during execution of processor 'org.thymeleaf.spring5.processor.SpringInputGeneralFieldTagProcessor' (template: "login" - line 19, col 40)
	at org.attoparser.MarkupParser.parseDocument(MarkupParser.java:393)
	at org.attoparser.MarkupParser.parse(MarkupParser.java:257)
	at org.thymeleaf.templateparser.markup.AbstractMarkupTemplateParser.parse(AbstractMarkupTemplateParser.java:230)
	... 48 common frames omitted
Caused by: org.thymeleaf.exceptions.TemplateProcessingException: Error during execution of processor 'org.thymeleaf.spring5.processor.SpringInputGeneralFieldTagProcessor' (template: "login" - line 19, col 40)
	at org.thymeleaf.processor.element.AbstractAttributeTagProcessor.doProcess(AbstractAttributeTagProcessor.java:117)
	at org.thymeleaf.processor.element.AbstractElementTagProcessor.process(AbstractElementTagProcessor.java:95)
	at org.thymeleaf.util.ProcessorConfigurationUtils$ElementTagProcessorWrapper.process(ProcessorConfigurationUtils.java:633)
	at org.thymeleaf.engine.ProcessorTemplateHandler.handleStandaloneElement(ProcessorTemplateHandler.java:918)
	at org.thymeleaf.engine.TemplateHandlerAdapterMarkupHandler.handleStandaloneElementEnd(TemplateHandlerAdapterMarkupHandler.java:260)
	at org.thymeleaf.templateparser.markup.InlinedOutputExpressionMarkupHandler$InlineMarkupAdapterPreProcessorHandler.handleStandaloneElementEnd(InlinedOutputExpressionMarkupHandler.java:256)
	at org.thymeleaf.standard.inline.OutputExpressionInlinePreProcessorHandler.handleStandaloneElementEnd(OutputExpressionInlinePreProcessorHandler.java:169)
	at org.thymeleaf.templateparser.markup.InlinedOutputExpressionMarkupHandler.handleStandaloneElementEnd(InlinedOutputExpressionMarkupHandler.java:104)
	at org.attoparser.HtmlElement.handleStandaloneElementEnd(HtmlElement.java:79)
	at org.attoparser.HtmlMarkupHandler.handleStandaloneElementEnd(HtmlMarkupHandler.java:241)
	at org.attoparser.MarkupEventProcessorHandler.handleStandaloneElementEnd(MarkupEventProcessorHandler.java:327)
	at org.attoparser.ParsingElementMarkupUtil.parseStandaloneElement(ParsingElementMarkupUtil.java:96)
	at org.attoparser.MarkupParser.parseBuffer(MarkupParser.java:706)
	at org.attoparser.MarkupParser.parseDocument(MarkupParser.java:301)
	... 50 common frames omitted
Caused by: org.springframework.beans.NotReadablePropertyException: Invalid property 'username' of bean class [com.example.demo.entity.MemberAccount]: Bean property 'username' is not readable or has an invalid getter method: Does the return type of the getter match the parameter type of the setter?
	at org.springframework.beans.AbstractNestablePropertyAccessor.getPropertyValue(AbstractNestablePropertyAccessor.java:627)
	at org.springframework.beans.AbstractNestablePropertyAccessor.getPropertyValue(AbstractNestablePropertyAccessor.java:617)
	at org.springframework.validation.AbstractPropertyBindingResult.getActualFieldValue(AbstractPropertyBindingResult.java:104)
	at org.springframework.validation.AbstractBindingResult.getFieldValue(AbstractBindingResult.java:228)
	at org.springframework.web.servlet.support.BindStatus.<init>(BindStatus.java:129)
	at org.springframework.web.servlet.support.RequestContext.getBindStatus(RequestContext.java:903)
	at org.thymeleaf.spring5.context.webmvc.SpringWebMvcThymeleafRequestContext.getBindStatus(SpringWebMvcThymeleafRequestContext.java:227)
	at org.thymeleaf.spring5.util.FieldUtils.getBindStatusFromParsedExpression(FieldUtils.java:306)
	at org.thymeleaf.spring5.util.FieldUtils.getBindStatus(FieldUtils.java:253)
	at org.thymeleaf.spring5.util.FieldUtils.getBindStatus(FieldUtils.java:227)
	at org.thymeleaf.spring5.processor.AbstractSpringFieldTagProcessor.doProcess(AbstractSpringFieldTagProcessor.java:174)
	at org.thymeleaf.processor.element.AbstractAttributeTagProcessor.doProcess(AbstractAttributeTagProcessor.java:74)
	... 63 common frames omitted
2022-10-27 === [http-nio-8080-exec-1] === ERROR === o.a.c.c.C.[.[localhost].[/].[dispatcherServlet] ==== Servlet.service() for servlet [dispatcherServlet] in context with path [] threw exception [Request processing failed; nested exception is org.thymeleaf.exceptions.TemplateInputException: An error happened during template parsing (template: "class path resource [templates/login.html]")] with root cause
org.springframework.beans.NotReadablePropertyException: Invalid property 'username' of bean class [com.example.demo.entity.MemberAccount]: Bean property 'username' is not readable or has an invalid getter method: Does the return type of the getter match the parameter type of the setter?
	at org.springframework.beans.AbstractNestablePropertyAccessor.getPropertyValue(AbstractNestablePropertyAccessor.java:627)
	at org.springframework.beans.AbstractNestablePropertyAccessor.getPropertyValue(AbstractNestablePropertyAccessor.java:617)
	at org.springframework.validation.AbstractPropertyBindingResult.getActualFieldValue(AbstractPropertyBindingResult.java:104)
	at org.springframework.validation.AbstractBindingResult.getFieldValue(AbstractBindingResult.java:228)
	at org.springframework.web.servlet.support.BindStatus.<init>(BindStatus.java:129)
	at org.springframework.web.servlet.support.RequestContext.getBindStatus(RequestContext.java:903)
	at org.thymeleaf.spring5.context.webmvc.SpringWebMvcThymeleafRequestContext.getBindStatus(SpringWebMvcThymeleafRequestContext.java:227)
	at org.thymeleaf.spring5.util.FieldUtils.getBindStatusFromParsedExpression(FieldUtils.java:306)
	at org.thymeleaf.spring5.util.FieldUtils.getBindStatus(FieldUtils.java:253)
	at org.thymeleaf.spring5.util.FieldUtils.getBindStatus(FieldUtils.java:227)
	at org.thymeleaf.spring5.processor.AbstractSpringFieldTagProcessor.doProcess(AbstractSpringFieldTagProcessor.java:174)
	at org.thymeleaf.processor.element.AbstractAttributeTagProcessor.doProcess(AbstractAttributeTagProcessor.java:74)
	at org.thymeleaf.processor.element.AbstractElementTagProcessor.process(AbstractElementTagProcessor.java:95)
	at org.thymeleaf.util.ProcessorConfigurationUtils$ElementTagProcessorWrapper.process(ProcessorConfigurationUtils.java:633)
	at org.thymeleaf.engine.ProcessorTemplateHandler.handleStandaloneElement(ProcessorTemplateHandler.java:918)
	at org.thymeleaf.engine.TemplateHandlerAdapterMarkupHandler.handleStandaloneElementEnd(TemplateHandlerAdapterMarkupHandler.java:260)
	at org.thymeleaf.templateparser.markup.InlinedOutputExpressionMarkupHandler$InlineMarkupAdapterPreProcessorHandler.handleStandaloneElementEnd(InlinedOutputExpressionMarkupHandler.java:256)
	at org.thymeleaf.standard.inline.OutputExpressionInlinePreProcessorHandler.handleStandaloneElementEnd(OutputExpressionInlinePreProcessorHandler.java:169)
	at org.thymeleaf.templateparser.markup.InlinedOutputExpressionMarkupHandler.handleStandaloneElementEnd(InlinedOutputExpressionMarkupHandler.java:104)
	at org.attoparser.HtmlElement.handleStandaloneElementEnd(HtmlElement.java:79)
	at org.attoparser.HtmlMarkupHandler.handleStandaloneElementEnd(HtmlMarkupHandler.java:241)
	at org.attoparser.MarkupEventProcessorHandler.handleStandaloneElementEnd(MarkupEventProcessorHandler.java:327)
	at org.attoparser.ParsingElementMarkupUtil.parseStandaloneElement(ParsingElementMarkupUtil.java:96)
	at org.attoparser.MarkupParser.parseBuffer(MarkupParser.java:706)
	at org.attoparser.MarkupParser.parseDocument(MarkupParser.java:301)
	at org.attoparser.MarkupParser.parse(MarkupParser.java:257)
	at org.thymeleaf.templateparser.markup.AbstractMarkupTemplateParser.parse(AbstractMarkupTemplateParser.java:230)
	at org.thymeleaf.templateparser.markup.AbstractMarkupTemplateParser.parseStandalone(AbstractMarkupTemplateParser.java:100)
	at org.thymeleaf.engine.TemplateManager.parseAndProcess(TemplateManager.java:666)
	at org.thymeleaf.TemplateEngine.process(TemplateEngine.java:1098)
	at org.thymeleaf.TemplateEngine.process(TemplateEngine.java:1072)
	at org.thymeleaf.spring5.view.ThymeleafView.renderFragment(ThymeleafView.java:366)
	at org.thymeleaf.spring5.view.ThymeleafView.render(ThymeleafView.java:190)
	at org.springframework.web.servlet.DispatcherServlet.render(DispatcherServlet.java:1397)
	at org.springframework.web.servlet.DispatcherServlet.processDispatchResult(DispatcherServlet.java:1142)
	at org.springframework.web.servlet.DispatcherServlet.doDispatch(DispatcherServlet.java:1081)
	at org.springframework.web.servlet.DispatcherServlet.doService(DispatcherServlet.java:963)
	at org.springframework.web.servlet.FrameworkServlet.processRequest(FrameworkServlet.java:1006)
	at org.springframework.web.servlet.FrameworkServlet.doGet(FrameworkServlet.java:898)
	at javax.servlet.http.HttpServlet.service(HttpServlet.java:655)
	at org.springframework.web.servlet.FrameworkServlet.service(FrameworkServlet.java:883)
	at javax.servlet.http.HttpServlet.service(HttpServlet.java:764)
	at org.apache.catalina.core.ApplicationFilterChain.internalDoFilter(ApplicationFilterChain.java:227)
	at org.apache.catalina.core.ApplicationFilterChain.doFilter(ApplicationFilterChain.java:162)
	at org.apache.tomcat.websocket.server.WsFilter.doFilter(WsFilter.java:53)
	at org.apache.catalina.core.ApplicationFilterChain.internalDoFilter(ApplicationFilterChain.java:189)
	at org.apache.catalina.core.ApplicationFilterChain.doFilter(ApplicationFilterChain.java:162)
	at org.springframework.web.filter.RequestContextFilter.doFilterInternal(RequestContextFilter.java:100)
	at org.springframework.web.filter.OncePerRequestFilter.doFilter(OncePerRequestFilter.java:119)
	at org.apache.catalina.core.ApplicationFilterChain.internalDoFilter(ApplicationFilterChain.java:189)
	at org.apache.catalina.core.ApplicationFilterChain.doFilter(ApplicationFilterChain.java:162)
	at org.springframework.web.filter.FormContentFilter.doFilterInternal(FormContentFilter.java:93)
	at org.springframework.web.filter.OncePerRequestFilter.doFilter(OncePerRequestFilter.java:119)
	at org.apache.catalina.core.ApplicationFilterChain.internalDoFilter(ApplicationFilterChain.java:189)
	at org.apache.catalina.core.ApplicationFilterChain.doFilter(ApplicationFilterChain.java:162)
	at org.springframework.web.filter.CharacterEncodingFilter.doFilterInternal(CharacterEncodingFilter.java:201)
	at org.springframework.web.filter.OncePerRequestFilter.doFilter(OncePerRequestFilter.java:119)
	at org.apache.catalina.core.ApplicationFilterChain.internalDoFilter(ApplicationFilterChain.java:189)
	at org.apache.catalina.core.ApplicationFilterChain.doFilter(ApplicationFilterChain.java:162)
	at org.apache.catalina.core.StandardWrapperValve.invoke(StandardWrapperValve.java:197)
	at org.apache.catalina.core.StandardContextValve.invoke(StandardContextValve.java:97)
	at org.apache.catalina.authenticator.AuthenticatorBase.invoke(AuthenticatorBase.java:542)
	at org.apache.catalina.core.StandardHostValve.invoke(StandardHostValve.java:135)
	at org.apache.catalina.valves.ErrorReportValve.invoke(ErrorReportValve.java:92)
	at org.apache.catalina.core.StandardEngineValve.invoke(StandardEngineValve.java:78)
	at org.apache.catalina.connector.CoyoteAdapter.service(CoyoteAdapter.java:357)
	at org.apache.coyote.http11.Http11Processor.service(Http11Processor.java:382)
	at org.apache.coyote.AbstractProcessorLight.process(AbstractProcessorLight.java:65)
	at org.apache.coyote.AbstractProtocol$ConnectionHandler.process(AbstractProtocol.java:893)
	at org.apache.tomcat.util.net.NioEndpoint$SocketProcessor.doRun(NioEndpoint.java:1726)
	at org.apache.tomcat.util.net.SocketProcessorBase.run(SocketProcessorBase.java:49)
	at org.apache.tomcat.util.threads.ThreadPoolExecutor.runWorker(ThreadPoolExecutor.java:1191)
	at org.apache.tomcat.util.threads.ThreadPoolExecutor$Worker.run(ThreadPoolExecutor.java:659)
	at org.apache.tomcat.util.threads.TaskThread$WrappingRunnable.run(TaskThread.java:61)
	at java.lang.Thread.run(Thread.java:748)
2022-11-28 === [restartedMain] === INFO  === com.example.demo.SpringBootDemoApplication ==== Starting SpringBootDemoApplication using Java 1.8.0_241 on LAPTOP-WILSON-CYBER with PID 20156 (C:\Users\wilso\git\spring-boot-demo\target\classes started by wilso in C:\Users\wilso\git\spring-boot-demo)
2022-11-28 === [restartedMain] === INFO  === com.example.demo.SpringBootDemoApplication ==== No active profile set, falling back to default profiles: default
2022-11-28 === [restartedMain] === INFO  === o.s.b.d.env.DevToolsPropertyDefaultsPostProcessor ==== Devtools property defaults active! Set 'spring.devtools.add-properties' to 'false' to disable
2022-11-28 === [restartedMain] === INFO  === o.s.b.d.env.DevToolsPropertyDefaultsPostProcessor ==== For additional web related logging consider setting the 'logging.level.web' property to 'DEBUG'
2022-11-28 === [restartedMain] === INFO  === o.s.boot.web.embedded.tomcat.TomcatWebServer ==== Tomcat initialized with port(s): 8080 (http)
2022-11-28 === [restartedMain] === INFO  === org.apache.catalina.core.StandardService ==== Starting service [Tomcat]
2022-11-28 === [restartedMain] === INFO  === org.apache.catalina.core.StandardEngine ==== Starting Servlet engine: [Apache Tomcat/9.0.52]
2022-11-28 === [restartedMain] === INFO  === o.a.c.core.ContainerBase.[Tomcat].[localhost].[/] ==== Initializing Spring embedded WebApplicationContext
2022-11-28 === [restartedMain] === INFO  === o.s.b.w.s.c.ServletWebServerApplicationContext ==== Root WebApplicationContext: initialization completed in 8242 ms
2022-11-28 === [restartedMain] === INFO  === o.s.b.d.autoconfigure.OptionalLiveReloadServer ==== LiveReload server is running on port 35729
2022-11-28 === [restartedMain] === INFO  === o.s.boot.web.embedded.tomcat.TomcatWebServer ==== Tomcat started on port(s): 8080 (http) with context path ''
2022-11-28 === [restartedMain] === INFO  === com.example.demo.SpringBootDemoApplication ==== Started SpringBootDemoApplication in 11.05 seconds (JVM running for 12.318)
2022-11-28 === [http-nio-8080-exec-1] === INFO  === o.a.c.core.ContainerBase.[Tomcat].[localhost].[/] ==== Initializing Spring DispatcherServlet 'dispatcherServlet'
2022-11-28 === [http-nio-8080-exec-1] === INFO  === org.springframework.web.servlet.DispatcherServlet ==== Initializing Servlet 'dispatcherServlet'
2022-11-28 === [http-nio-8080-exec-1] === INFO  === org.springframework.web.servlet.DispatcherServlet ==== Completed initialization in 1 ms
2022-11-28 === [http-nio-8080-exec-1] === INFO  === com.example.demo.aop.MemberAccountAspect ==== 訪問 /login
2022-11-28 === [http-nio-8080-exec-1] === INFO  === com.example.demo.aop.MemberAccountAspect ==== 訪問 /login
2022-11-28 === [http-nio-8080-exec-1] === INFO  === com.example.demo.aop.MemberAccountAspect ==== Return: login
2022-11-28 === [http-nio-8080-exec-1] === INFO  === com.example.demo.aop.MemberAccountAspect ==== 訪問 /login
2022-11-28 === [http-nio-8080-exec-1] === INFO  === com.example.demo.aop.MemberAccountAspect ==== 訪問 /login Time spent: 31
2022-11-28 === [http-nio-8080-exec-6] === INFO  === com.example.demo.aop.MemberAccountAspect ==== 訪問 /register
2022-11-28 === [http-nio-8080-exec-6] === INFO  === com.example.demo.aop.MemberAccountAspect ==== 訪問 /register
2022-11-28 === [http-nio-8080-exec-6] === INFO  === com.example.demo.aop.MemberAccountAspect ==== Return: register
2022-11-28 === [http-nio-8080-exec-6] === INFO  === com.example.demo.aop.MemberAccountAspect ==== 訪問 /register
2022-11-28 === [http-nio-8080-exec-6] === INFO  === com.example.demo.aop.MemberAccountAspect ==== 訪問 /register Time spent: 5
2022-11-28 === [http-nio-8080-exec-3] === INFO  === com.zaxxer.hikari.HikariDataSource ==== HikariPool-1 - Starting...
2022-11-28 === [http-nio-8080-exec-3] === INFO  === com.zaxxer.hikari.HikariDataSource ==== HikariPool-1 - Start completed.
2022-11-28 === [http-nio-8080-exec-3] === WARN  === o.s.w.s.m.m.a.ExceptionHandlerExceptionResolver ==== Resolved [org.springframework.jdbc.BadSqlGrammarException: PreparedStatementCallback; bad SQL grammar [ SELECT 		ID, USERNAME, PASSWORD, SALT  FROM 		test_project.member_account  WHERE 		USERNAME = ? ]; nested exception is java.sql.SQLSyntaxErrorException: Unknown database 'test_project']
2022-11-28 === [http-nio-8080-exec-4] === WARN  === o.s.w.s.m.m.a.ExceptionHandlerExceptionResolver ==== Resolved [org.springframework.jdbc.BadSqlGrammarException: PreparedStatementCallback; bad SQL grammar [ SELECT 		ID, USERNAME, PASSWORD, SALT  FROM 		test_project.member_account  WHERE 		USERNAME = ? ]; nested exception is java.sql.SQLSyntaxErrorException: Unknown database 'test_project']
2022-11-28 === [http-nio-8080-exec-8] === WARN  === o.s.w.s.m.m.a.ExceptionHandlerExceptionResolver ==== Resolved [org.springframework.jdbc.BadSqlGrammarException: PreparedStatementCallback; bad SQL grammar [ SELECT 		ID, USERNAME, PASSWORD, SALT  FROM 		test_project.member_account  WHERE 		USERNAME = ? ]; nested exception is java.sql.SQLSyntaxErrorException: Unknown database 'test_project']
2022-11-28 === [http-nio-8080-exec-10] === WARN  === o.s.w.s.m.m.a.ExceptionHandlerExceptionResolver ==== Resolved [org.springframework.jdbc.BadSqlGrammarException: PreparedStatementCallback; bad SQL grammar [ SELECT 		ID, USERNAME, PASSWORD, SALT  FROM 		test_project.member_account  WHERE 		USERNAME = ? ]; nested exception is java.sql.SQLSyntaxErrorException: Unknown database 'test_project']
2022-11-28 === [http-nio-8080-exec-1] === WARN  === o.s.w.s.m.m.a.ExceptionHandlerExceptionResolver ==== Resolved [org.springframework.jdbc.BadSqlGrammarException: PreparedStatementCallback; bad SQL grammar [ SELECT 		ID, USERNAME, PASSWORD, SALT  FROM 		test_project.member_account  WHERE 		USERNAME = ? ]; nested exception is java.sql.SQLSyntaxErrorException: Unknown database 'test_project']
2022-11-28 === [http-nio-8080-exec-3] === WARN  === o.s.w.s.m.m.a.ExceptionHandlerExceptionResolver ==== Resolved [org.springframework.jdbc.BadSqlGrammarException: PreparedStatementCallback; bad SQL grammar [ SELECT 		ID, USERNAME, PASSWORD, SALT  FROM 		test_project.member_account  WHERE 		USERNAME = ? ]; nested exception is java.sql.SQLSyntaxErrorException: Unknown database 'test_project']
2022-11-28 === [http-nio-8080-exec-4] === WARN  === o.s.w.s.m.m.a.ExceptionHandlerExceptionResolver ==== Resolved [org.springframework.jdbc.BadSqlGrammarException: PreparedStatementCallback; bad SQL grammar [ SELECT 		ID, USERNAME, PASSWORD, SALT  FROM 		test_project.member_account  WHERE 		USERNAME = ? ]; nested exception is java.sql.SQLSyntaxErrorException: Unknown database 'test_project']
2022-11-28 === [http-nio-8080-exec-8] === WARN  === o.s.w.s.m.m.a.ExceptionHandlerExceptionResolver ==== Resolved [org.springframework.jdbc.BadSqlGrammarException: PreparedStatementCallback; bad SQL grammar [ SELECT 		ID, USERNAME, PASSWORD, SALT  FROM 		test_project.member_account  WHERE 		USERNAME = ? ]; nested exception is java.sql.SQLSyntaxErrorException: Unknown database 'test_project']
2022-11-28 === [http-nio-8080-exec-10] === WARN  === o.s.w.s.m.m.a.ExceptionHandlerExceptionResolver ==== Resolved [org.springframework.jdbc.BadSqlGrammarException: PreparedStatementCallback; bad SQL grammar [ SELECT 		ID, USERNAME, PASSWORD, SALT  FROM 		test_project.member_account  WHERE 		USERNAME = ? ]; nested exception is java.sql.SQLSyntaxErrorException: Unknown database 'test_project']
2022-11-28 === [http-nio-8080-exec-1] === WARN  === o.s.w.s.m.m.a.ExceptionHandlerExceptionResolver ==== Resolved [org.springframework.jdbc.BadSqlGrammarException: PreparedStatementCallback; bad SQL grammar [ SELECT 		ID, USERNAME, PASSWORD, SALT  FROM 		test_project.member_account  WHERE 		USERNAME = ? ]; nested exception is java.sql.SQLSyntaxErrorException: Unknown database 'test_project']
2022-11-28 === [http-nio-8080-exec-3] === WARN  === o.s.w.s.m.m.a.ExceptionHandlerExceptionResolver ==== Resolved [org.springframework.jdbc.BadSqlGrammarException: PreparedStatementCallback; bad SQL grammar [ SELECT 		ID, USERNAME, PASSWORD, SALT  FROM 		test_project.member_account  WHERE 		USERNAME = ? ]; nested exception is java.sql.SQLSyntaxErrorException: Unknown database 'test_project']
2022-11-28 === [http-nio-8080-exec-4] === WARN  === o.s.w.s.m.m.a.ExceptionHandlerExceptionResolver ==== Resolved [org.springframework.jdbc.BadSqlGrammarException: PreparedStatementCallback; bad SQL grammar [ SELECT 		ID, USERNAME, PASSWORD, SALT  FROM 		test_project.member_account  WHERE 		USERNAME = ? ]; nested exception is java.sql.SQLSyntaxErrorException: Unknown database 'test_project']
2022-11-28 === [http-nio-8080-exec-8] === WARN  === o.s.w.s.m.m.a.ExceptionHandlerExceptionResolver ==== Resolved [org.springframework.jdbc.BadSqlGrammarException: PreparedStatementCallback; bad SQL grammar [ SELECT 		ID, USERNAME, PASSWORD, SALT  FROM 		test_project.member_account  WHERE 		USERNAME = ? ]; nested exception is java.sql.SQLSyntaxErrorException: Unknown database 'test_project']
2022-11-28 === [http-nio-8080-exec-10] === WARN  === o.s.w.s.m.m.a.ExceptionHandlerExceptionResolver ==== Resolved [org.springframework.jdbc.BadSqlGrammarException: PreparedStatementCallback; bad SQL grammar [ SELECT 		ID, USERNAME, PASSWORD, SALT  FROM 		test_project.member_account  WHERE 		USERNAME = ? ]; nested exception is java.sql.SQLSyntaxErrorException: Unknown database 'test_project']
2022-11-28 === [http-nio-8080-exec-1] === WARN  === o.s.w.s.m.m.a.ExceptionHandlerExceptionResolver ==== Resolved [org.springframework.jdbc.BadSqlGrammarException: PreparedStatementCallback; bad SQL grammar [ SELECT 		ID, USERNAME, PASSWORD, SALT  FROM 		test_project.member_account  WHERE 		USERNAME = ? ]; nested exception is java.sql.SQLSyntaxErrorException: Unknown database 'test_project']
2022-11-28 === [http-nio-8080-exec-3] === WARN  === o.s.w.s.m.m.a.ExceptionHandlerExceptionResolver ==== Resolved [org.springframework.jdbc.BadSqlGrammarException: PreparedStatementCallback; bad SQL grammar [ SELECT 		ID, USERNAME, PASSWORD, SALT  FROM 		test_project.member_account  WHERE 		USERNAME = ? ]; nested exception is java.sql.SQLSyntaxErrorException: Unknown database 'test_project']
2022-11-28 === [http-nio-8080-exec-4] === WARN  === o.s.w.s.m.m.a.ExceptionHandlerExceptionResolver ==== Resolved [org.springframework.jdbc.BadSqlGrammarException: PreparedStatementCallback; bad SQL grammar [ SELECT 		ID, USERNAME, PASSWORD, SALT  FROM 		test_project.member_account  WHERE 		USERNAME = ? ]; nested exception is java.sql.SQLSyntaxErrorException: Unknown database 'test_project']
2022-11-28 === [http-nio-8080-exec-8] === WARN  === o.s.w.s.m.m.a.ExceptionHandlerExceptionResolver ==== Resolved [org.springframework.jdbc.BadSqlGrammarException: PreparedStatementCallback; bad SQL grammar [ SELECT 		ID, USERNAME, PASSWORD, SALT  FROM 		test_project.member_account  WHERE 		USERNAME = ? ]; nested exception is java.sql.SQLSyntaxErrorException: Unknown database 'test_project']
2022-11-28 === [http-nio-8080-exec-10] === WARN  === o.s.w.s.m.m.a.ExceptionHandlerExceptionResolver ==== Resolved [org.springframework.jdbc.BadSqlGrammarException: PreparedStatementCallback; bad SQL grammar [ SELECT 		ID, USERNAME, PASSWORD, SALT  FROM 		test_project.member_account  WHERE 		USERNAME = ? ]; nested exception is java.sql.SQLSyntaxErrorException: Unknown database 'test_project']
2022-11-28 === [http-nio-8080-exec-1] === WARN  === o.s.w.s.m.m.a.ExceptionHandlerExceptionResolver ==== Resolved [org.springframework.jdbc.BadSqlGrammarException: PreparedStatementCallback; bad SQL grammar [ SELECT 		ID, USERNAME, PASSWORD, SALT  FROM 		test_project.member_account  WHERE 		USERNAME = ? ]; nested exception is java.sql.SQLSyntaxErrorException: Unknown database 'test_project']
2022-11-28 === [http-nio-8080-exec-3] === WARN  === o.s.w.s.m.m.a.ExceptionHandlerExceptionResolver ==== Resolved [org.springframework.jdbc.BadSqlGrammarException: PreparedStatementCallback; bad SQL grammar [ SELECT 		ID, USERNAME, PASSWORD, SALT  FROM 		test_project.member_account  WHERE 		USERNAME = ? ]; nested exception is java.sql.SQLSyntaxErrorException: Unknown database 'test_project']
2022-11-28 === [http-nio-8080-exec-4] === WARN  === o.s.w.s.m.m.a.ExceptionHandlerExceptionResolver ==== Resolved [org.springframework.jdbc.BadSqlGrammarException: PreparedStatementCallback; bad SQL grammar [ SELECT 		ID, USERNAME, PASSWORD, SALT  FROM 		test_project.member_account  WHERE 		USERNAME = ? ]; nested exception is java.sql.SQLSyntaxErrorException: Unknown database 'test_project']
2022-11-28 === [http-nio-8080-exec-8] === WARN  === o.s.w.s.m.m.a.ExceptionHandlerExceptionResolver ==== Resolved [org.springframework.jdbc.BadSqlGrammarException: PreparedStatementCallback; bad SQL grammar [ SELECT 		ID, USERNAME, PASSWORD, SALT  FROM 		test_project.member_account  WHERE 		USERNAME = ? ]; nested exception is java.sql.SQLSyntaxErrorException: Unknown database 'test_project']
2022-11-28 === [restartedMain] === INFO  === com.example.demo.SpringBootDemoApplication ==== Starting SpringBootDemoApplication using Java 1.8.0_241 on LAPTOP-WILSON-CYBER with PID 9572 (C:\Users\wilso\git\spring-boot-demo\target\classes started by wilso in C:\Users\wilso\git\spring-boot-demo)
2022-11-28 === [restartedMain] === INFO  === com.example.demo.SpringBootDemoApplication ==== No active profile set, falling back to default profiles: default
2022-11-28 === [restartedMain] === INFO  === o.s.b.d.env.DevToolsPropertyDefaultsPostProcessor ==== Devtools property defaults active! Set 'spring.devtools.add-properties' to 'false' to disable
2022-11-28 === [restartedMain] === INFO  === o.s.b.d.env.DevToolsPropertyDefaultsPostProcessor ==== For additional web related logging consider setting the 'logging.level.web' property to 'DEBUG'
2022-11-28 === [restartedMain] === INFO  === o.s.boot.web.embedded.tomcat.TomcatWebServer ==== Tomcat initialized with port(s): 8080 (http)
2022-11-28 === [restartedMain] === INFO  === org.apache.catalina.core.StandardService ==== Starting service [Tomcat]
2022-11-28 === [restartedMain] === INFO  === org.apache.catalina.core.StandardEngine ==== Starting Servlet engine: [Apache Tomcat/9.0.52]
2022-11-28 === [restartedMain] === INFO  === o.a.c.core.ContainerBase.[Tomcat].[localhost].[/] ==== Initializing Spring embedded WebApplicationContext
2022-11-28 === [restartedMain] === INFO  === o.s.b.w.s.c.ServletWebServerApplicationContext ==== Root WebApplicationContext: initialization completed in 11285 ms
2022-11-28 === [restartedMain] === INFO  === o.s.b.d.autoconfigure.OptionalLiveReloadServer ==== LiveReload server is running on port 35729
2022-11-28 === [restartedMain] === INFO  === o.s.boot.web.embedded.tomcat.TomcatWebServer ==== Tomcat started on port(s): 8080 (http) with context path ''
2022-11-28 === [restartedMain] === INFO  === com.example.demo.SpringBootDemoApplication ==== Started SpringBootDemoApplication in 15.686 seconds (JVM running for 17.008)
2022-11-28 === [http-nio-8080-exec-1] === INFO  === o.a.c.core.ContainerBase.[Tomcat].[localhost].[/] ==== Initializing Spring DispatcherServlet 'dispatcherServlet'
2022-11-28 === [http-nio-8080-exec-1] === INFO  === org.springframework.web.servlet.DispatcherServlet ==== Initializing Servlet 'dispatcherServlet'
2022-11-28 === [http-nio-8080-exec-1] === INFO  === org.springframework.web.servlet.DispatcherServlet ==== Completed initialization in 0 ms
2022-11-28 === [http-nio-8080-exec-1] === INFO  === com.zaxxer.hikari.HikariDataSource ==== HikariPool-1 - Starting...
2022-11-28 === [http-nio-8080-exec-1] === INFO  === com.zaxxer.hikari.HikariDataSource ==== HikariPool-1 - Start completed.
2022-11-28 === [http-nio-8080-exec-2] === WARN  === o.s.w.s.m.m.a.ExceptionHandlerExceptionResolver ==== Resolved [org.springframework.validation.BindException: org.springframework.validation.BeanPropertyBindingResult: 1 errors
Field error in object 'memberAccountVO' on field 'password': rejected value [1qaz@WSX!]; codes [Pattern.memberAccountVO.password,Pattern.password,Pattern.java.lang.String,Pattern]; arguments [org.springframework.context.support.DefaultMessageSourceResolvable: codes [memberAccountVO.password,password]; arguments []; default message [password],[Ljavax.validation.constraints.Pattern$Flag;@62e3da1f,^(?=.*[a-z])(?=.*[A-Z])(?=.*\d)[\w]{6,16}$]; default message [密碼必須為長度6~16位碼大小寫英文加數字]]
2022-11-28 === [http-nio-8080-exec-3] === INFO  === com.example.demo.aop.MemberAccountAspect ==== 訪問 /login
2022-11-28 === [http-nio-8080-exec-3] === INFO  === com.example.demo.aop.MemberAccountAspect ==== 訪問 /login
2022-11-28 === [http-nio-8080-exec-3] === INFO  === com.example.demo.aop.MemberAccountAspect ==== Return: login
2022-11-28 === [http-nio-8080-exec-3] === INFO  === com.example.demo.aop.MemberAccountAspect ==== 訪問 /login
2022-11-28 === [http-nio-8080-exec-3] === INFO  === com.example.demo.aop.MemberAccountAspect ==== 訪問 /login Time spent: 62
2022-11-28 === [restartedMain] === INFO  === com.example.demo.SpringBootDemoApplication ==== Starting SpringBootDemoApplication using Java 1.8.0_241 on LAPTOP-WILSON-CYBER with PID 10280 (C:\Users\wilso\git\spring-boot-demo\target\classes started by wilso in C:\Users\wilso\git\spring-boot-demo)
2022-11-28 === [restartedMain] === INFO  === com.example.demo.SpringBootDemoApplication ==== No active profile set, falling back to default profiles: default
2022-11-28 === [restartedMain] === INFO  === o.s.b.d.env.DevToolsPropertyDefaultsPostProcessor ==== Devtools property defaults active! Set 'spring.devtools.add-properties' to 'false' to disable
2022-11-28 === [restartedMain] === INFO  === o.s.b.d.env.DevToolsPropertyDefaultsPostProcessor ==== For additional web related logging consider setting the 'logging.level.web' property to 'DEBUG'
2022-11-28 === [restartedMain] === INFO  === o.s.boot.web.embedded.tomcat.TomcatWebServer ==== Tomcat initialized with port(s): 8080 (http)
2022-11-28 === [restartedMain] === INFO  === org.apache.catalina.core.StandardService ==== Starting service [Tomcat]
2022-11-28 === [restartedMain] === INFO  === org.apache.catalina.core.StandardEngine ==== Starting Servlet engine: [Apache Tomcat/9.0.52]
2022-11-28 === [restartedMain] === INFO  === o.a.c.core.ContainerBase.[Tomcat].[localhost].[/] ==== Initializing Spring embedded WebApplicationContext
2022-11-28 === [restartedMain] === INFO  === o.s.b.w.s.c.ServletWebServerApplicationContext ==== Root WebApplicationContext: initialization completed in 8794 ms
2022-11-28 === [restartedMain] === INFO  === o.s.b.d.autoconfigure.OptionalLiveReloadServer ==== LiveReload server is running on port 35729
2022-11-28 === [restartedMain] === INFO  === o.s.boot.web.embedded.tomcat.TomcatWebServer ==== Tomcat started on port(s): 8080 (http) with context path ''
2022-11-28 === [restartedMain] === INFO  === com.example.demo.SpringBootDemoApplication ==== Started SpringBootDemoApplication in 12.08 seconds (JVM running for 13.536)
2022-11-28 === [http-nio-8080-exec-1] === INFO  === o.a.c.core.ContainerBase.[Tomcat].[localhost].[/] ==== Initializing Spring DispatcherServlet 'dispatcherServlet'
2022-11-28 === [http-nio-8080-exec-1] === INFO  === org.springframework.web.servlet.DispatcherServlet ==== Initializing Servlet 'dispatcherServlet'
2022-11-28 === [http-nio-8080-exec-1] === INFO  === org.springframework.web.servlet.DispatcherServlet ==== Completed initialization in 1 ms
2022-11-28 === [http-nio-8080-exec-1] === INFO  === com.example.demo.aop.MemberAccountAspect ==== 訪問 /register
2022-11-28 === [http-nio-8080-exec-1] === INFO  === com.example.demo.aop.MemberAccountAspect ==== 訪問 /register
2022-11-28 === [http-nio-8080-exec-1] === INFO  === com.example.demo.aop.MemberAccountAspect ==== Return: register
2022-11-28 === [http-nio-8080-exec-1] === INFO  === com.example.demo.aop.MemberAccountAspect ==== 訪問 /register
2022-11-28 === [http-nio-8080-exec-1] === INFO  === com.example.demo.aop.MemberAccountAspect ==== 訪問 /register Time spent: 25
2022-11-28 === [http-nio-8080-exec-6] === INFO  === com.zaxxer.hikari.HikariDataSource ==== HikariPool-1 - Starting...
2022-11-28 === [http-nio-8080-exec-6] === INFO  === com.zaxxer.hikari.HikariDataSource ==== HikariPool-1 - Start completed.
2022-11-28 === [http-nio-8080-exec-2] === INFO  === com.example.demo.aop.MemberAccountAspect ==== 訪問 /doRegister
2022-11-28 === [http-nio-8080-exec-2] === WARN  === com.example.demo.aop.MemberAccountAspect ==== 訪問 /doRegister
2022-11-28 === [http-nio-8080-exec-2] === WARN  === com.example.demo.aop.MemberAccountAspect ==== PreparedStatementCallback; bad SQL grammar [ INSERT INTO test_project.member_account (USERNAME, PASSWORD, SALT, 	CREATE_BY, CREATE_TIME, UPDATE_BY, UPDATE_TIME) VALUE ( 	?, ?, ?, ?, NOW(), ?, NOW()) ]; nested exception is java.sql.SQLSyntaxErrorException: Unknown database 'test_project'
2022-11-28 === [http-nio-8080-exec-2] === INFO  === com.example.demo.aop.MemberAccountAspect ==== 訪問 /doRegister
2022-11-28 === [http-nio-8080-exec-2] === WARN  === o.s.w.s.m.m.a.ExceptionHandlerExceptionResolver ==== Resolved [org.springframework.jdbc.BadSqlGrammarException: PreparedStatementCallback; bad SQL grammar [ INSERT INTO test_project.member_account (USERNAME, PASSWORD, SALT, 	CREATE_BY, CREATE_TIME, UPDATE_BY, UPDATE_TIME) VALUE ( 	?, ?, ?, ?, NOW(), ?, NOW()) ]; nested exception is java.sql.SQLSyntaxErrorException: Unknown database 'test_project']
2022-11-28 === [http-nio-8080-exec-2] === INFO  === com.example.demo.aop.MemberAccountAspect ==== 訪問 /login
2022-11-28 === [http-nio-8080-exec-2] === INFO  === com.example.demo.aop.MemberAccountAspect ==== 訪問 /login
2022-11-28 === [http-nio-8080-exec-2] === INFO  === com.example.demo.aop.MemberAccountAspect ==== Return: login
2022-11-28 === [http-nio-8080-exec-2] === INFO  === com.example.demo.aop.MemberAccountAspect ==== 訪問 /login
2022-11-28 === [http-nio-8080-exec-2] === INFO  === com.example.demo.aop.MemberAccountAspect ==== 訪問 /login Time spent: 2
2022-11-28 === [restartedMain] === INFO  === com.example.demo.SpringBootDemoApplication ==== Starting SpringBootDemoApplication using Java 1.8.0_241 on LAPTOP-WILSON-CYBER with PID 4216 (C:\Users\wilso\git\spring-boot-demo\target\classes started by wilso in C:\Users\wilso\git\spring-boot-demo)
2022-11-28 === [restartedMain] === INFO  === com.example.demo.SpringBootDemoApplication ==== No active profile set, falling back to default profiles: default
2022-11-28 === [restartedMain] === INFO  === o.s.b.d.env.DevToolsPropertyDefaultsPostProcessor ==== Devtools property defaults active! Set 'spring.devtools.add-properties' to 'false' to disable
2022-11-28 === [restartedMain] === INFO  === o.s.b.d.env.DevToolsPropertyDefaultsPostProcessor ==== For additional web related logging consider setting the 'logging.level.web' property to 'DEBUG'
2022-11-28 === [restartedMain] === INFO  === o.s.boot.web.embedded.tomcat.TomcatWebServer ==== Tomcat initialized with port(s): 8080 (http)
2022-11-28 === [restartedMain] === INFO  === org.apache.catalina.core.StandardService ==== Starting service [Tomcat]
2022-11-28 === [restartedMain] === INFO  === org.apache.catalina.core.StandardEngine ==== Starting Servlet engine: [Apache Tomcat/9.0.52]
2022-11-28 === [restartedMain] === INFO  === o.a.c.core.ContainerBase.[Tomcat].[localhost].[/] ==== Initializing Spring embedded WebApplicationContext
2022-11-28 === [restartedMain] === INFO  === o.s.b.w.s.c.ServletWebServerApplicationContext ==== Root WebApplicationContext: initialization completed in 7586 ms
2022-11-28 === [restartedMain] === INFO  === o.s.b.d.autoconfigure.OptionalLiveReloadServer ==== LiveReload server is running on port 35729
2022-11-28 === [restartedMain] === INFO  === o.s.boot.web.embedded.tomcat.TomcatWebServer ==== Tomcat started on port(s): 8080 (http) with context path ''
2022-11-28 === [restartedMain] === INFO  === com.example.demo.SpringBootDemoApplication ==== Started SpringBootDemoApplication in 10.568 seconds (JVM running for 11.846)
2022-11-28 === [http-nio-8080-exec-1] === INFO  === o.a.c.core.ContainerBase.[Tomcat].[localhost].[/] ==== Initializing Spring DispatcherServlet 'dispatcherServlet'
2022-11-28 === [http-nio-8080-exec-1] === INFO  === org.springframework.web.servlet.DispatcherServlet ==== Initializing Servlet 'dispatcherServlet'
2022-11-28 === [http-nio-8080-exec-1] === INFO  === org.springframework.web.servlet.DispatcherServlet ==== Completed initialization in 2 ms
2022-11-28 === [http-nio-8080-exec-1] === INFO  === com.example.demo.aop.MemberAccountAspect ==== 訪問 /register
2022-11-28 === [http-nio-8080-exec-1] === INFO  === com.example.demo.aop.MemberAccountAspect ==== 訪問 /register
2022-11-28 === [http-nio-8080-exec-1] === INFO  === com.example.demo.aop.MemberAccountAspect ==== Return: register
2022-11-28 === [http-nio-8080-exec-1] === INFO  === com.example.demo.aop.MemberAccountAspect ==== 訪問 /register
2022-11-28 === [http-nio-8080-exec-1] === INFO  === com.example.demo.aop.MemberAccountAspect ==== 訪問 /register Time spent: 34
2022-11-28 === [http-nio-8080-exec-4] === INFO  === com.zaxxer.hikari.HikariDataSource ==== HikariPool-1 - Starting...
2022-11-28 === [http-nio-8080-exec-4] === INFO  === com.zaxxer.hikari.HikariDataSource ==== HikariPool-1 - Start completed.
2022-11-28 === [http-nio-8080-exec-8] === INFO  === com.example.demo.aop.MemberAccountAspect ==== 訪問 /doRegister
2022-11-28 === [http-nio-8080-exec-8] === WARN  === com.example.demo.aop.MemberAccountAspect ==== 訪問 /doRegister
2022-11-28 === [http-nio-8080-exec-8] === WARN  === com.example.demo.aop.MemberAccountAspect ==== PreparedStatementCallback; bad SQL grammar [ INSERT INTO mydb.member (MA_ID, NAME, ID_NUMBER, BIRTHDAY, PHONE, C_ID, D_ID, ADDRESS, 	CREATE_BY, CREATE_TIME, UPDATE_BY, UPDATE_TIME) VALUE ( 	?, ?, ?, ?, ?, ?, ?, ?, 	?, NOW(), ?, NOW()) ]; nested exception is java.sql.SQLSyntaxErrorException: Table 'mydb.member' doesn't exist
2022-11-28 === [http-nio-8080-exec-8] === INFO  === com.example.demo.aop.MemberAccountAspect ==== 訪問 /doRegister
2022-11-28 === [http-nio-8080-exec-8] === WARN  === o.s.w.s.m.m.a.ExceptionHandlerExceptionResolver ==== Resolved [org.springframework.jdbc.BadSqlGrammarException: PreparedStatementCallback; bad SQL grammar [ INSERT INTO mydb.member (MA_ID, NAME, ID_NUMBER, BIRTHDAY, PHONE, C_ID, D_ID, ADDRESS, 	CREATE_BY, CREATE_TIME, UPDATE_BY, UPDATE_TIME) VALUE ( 	?, ?, ?, ?, ?, ?, ?, ?, 	?, NOW(), ?, NOW()) ]; nested exception is java.sql.SQLSyntaxErrorException: Table 'mydb.member' doesn't exist]
2022-11-28 === [http-nio-8080-exec-8] === INFO  === com.example.demo.aop.MemberAccountAspect ==== 訪問 /login
2022-11-28 === [http-nio-8080-exec-8] === INFO  === com.example.demo.aop.MemberAccountAspect ==== 訪問 /login
2022-11-28 === [http-nio-8080-exec-8] === INFO  === com.example.demo.aop.MemberAccountAspect ==== Return: login
2022-11-28 === [http-nio-8080-exec-8] === INFO  === com.example.demo.aop.MemberAccountAspect ==== 訪問 /login
2022-11-28 === [http-nio-8080-exec-8] === INFO  === com.example.demo.aop.MemberAccountAspect ==== 訪問 /login Time spent: 2
2022-11-28 === [http-nio-8080-exec-8] === INFO  === com.example.demo.aop.MemberAccountAspect ==== 訪問 /register
2022-11-28 === [http-nio-8080-exec-8] === INFO  === com.example.demo.aop.MemberAccountAspect ==== 訪問 /register
2022-11-28 === [http-nio-8080-exec-8] === INFO  === com.example.demo.aop.MemberAccountAspect ==== Return: register
2022-11-28 === [http-nio-8080-exec-8] === INFO  === com.example.demo.aop.MemberAccountAspect ==== 訪問 /register
2022-11-28 === [http-nio-8080-exec-8] === INFO  === com.example.demo.aop.MemberAccountAspect ==== 訪問 /register Time spent: 2
2022-11-28 === [http-nio-8080-exec-1] === INFO  === com.example.demo.aop.MemberAccountAspect ==== 訪問 /login
2022-11-28 === [http-nio-8080-exec-1] === INFO  === com.example.demo.aop.MemberAccountAspect ==== 訪問 /login
2022-11-28 === [http-nio-8080-exec-1] === INFO  === com.example.demo.aop.MemberAccountAspect ==== Return: login
2022-11-28 === [http-nio-8080-exec-1] === INFO  === com.example.demo.aop.MemberAccountAspect ==== 訪問 /login
2022-11-28 === [http-nio-8080-exec-1] === INFO  === com.example.demo.aop.MemberAccountAspect ==== 訪問 /login Time spent: 3
2022-11-28 === [http-nio-8080-exec-7] === WARN  === o.s.w.s.m.m.a.ExceptionHandlerExceptionResolver ==== Resolved [org.springframework.validation.BindException: org.springframework.validation.BeanPropertyBindingResult: 1 errors
Field error in object 'memberAccount' on field 'password': rejected value [1qaz@WSX!]; codes [Pattern.memberAccount.password,Pattern.password,Pattern.java.lang.String,Pattern]; arguments [org.springframework.context.support.DefaultMessageSourceResolvable: codes [memberAccount.password,password]; arguments []; default message [password],[Ljavax.validation.constraints.Pattern$Flag;@6f115fec,^(?=.*[a-z])(?=.*[A-Z])(?=.*\d)[\w]{6,16}$]; default message [密碼必須為長度6~16位碼大小寫英文加數字]]
2022-11-28 === [http-nio-8080-exec-7] === INFO  === com.example.demo.aop.MemberAccountAspect ==== 訪問 /login
2022-11-28 === [http-nio-8080-exec-7] === INFO  === com.example.demo.aop.MemberAccountAspect ==== 訪問 /login
2022-11-28 === [http-nio-8080-exec-7] === INFO  === com.example.demo.aop.MemberAccountAspect ==== Return: login
2022-11-28 === [http-nio-8080-exec-7] === INFO  === com.example.demo.aop.MemberAccountAspect ==== 訪問 /login
2022-11-28 === [http-nio-8080-exec-7] === INFO  === com.example.demo.aop.MemberAccountAspect ==== 訪問 /login Time spent: 4
2022-11-28 === [restartedMain] === INFO  === com.example.demo.SpringBootDemoApplication ==== Starting SpringBootDemoApplication using Java 1.8.0_241 on LAPTOP-WILSON-CYBER with PID 24676 (C:\Users\wilso\git\spring-boot-demo\target\classes started by wilso in C:\Users\wilso\git\spring-boot-demo)
2022-11-28 === [restartedMain] === INFO  === com.example.demo.SpringBootDemoApplication ==== No active profile set, falling back to default profiles: default
2022-11-28 === [restartedMain] === INFO  === o.s.b.d.env.DevToolsPropertyDefaultsPostProcessor ==== Devtools property defaults active! Set 'spring.devtools.add-properties' to 'false' to disable
2022-11-28 === [restartedMain] === INFO  === o.s.b.d.env.DevToolsPropertyDefaultsPostProcessor ==== For additional web related logging consider setting the 'logging.level.web' property to 'DEBUG'
2022-11-28 === [restartedMain] === INFO  === o.s.boot.web.embedded.tomcat.TomcatWebServer ==== Tomcat initialized with port(s): 8080 (http)
2022-11-28 === [restartedMain] === INFO  === org.apache.catalina.core.StandardService ==== Starting service [Tomcat]
2022-11-28 === [restartedMain] === INFO  === org.apache.catalina.core.StandardEngine ==== Starting Servlet engine: [Apache Tomcat/9.0.52]
2022-11-28 === [restartedMain] === INFO  === o.a.c.core.ContainerBase.[Tomcat].[localhost].[/] ==== Initializing Spring embedded WebApplicationContext
2022-11-28 === [restartedMain] === INFO  === o.s.b.w.s.c.ServletWebServerApplicationContext ==== Root WebApplicationContext: initialization completed in 8462 ms
2022-11-28 === [restartedMain] === INFO  === o.s.b.d.autoconfigure.OptionalLiveReloadServer ==== LiveReload server is running on port 35729
2022-11-28 === [restartedMain] === INFO  === o.s.boot.web.embedded.tomcat.TomcatWebServer ==== Tomcat started on port(s): 8080 (http) with context path ''
2022-11-28 === [restartedMain] === INFO  === com.example.demo.SpringBootDemoApplication ==== Started SpringBootDemoApplication in 11.443 seconds (JVM running for 12.78)
2022-11-28 === [http-nio-8080-exec-1] === INFO  === o.a.c.core.ContainerBase.[Tomcat].[localhost].[/] ==== Initializing Spring DispatcherServlet 'dispatcherServlet'
2022-11-28 === [http-nio-8080-exec-1] === INFO  === org.springframework.web.servlet.DispatcherServlet ==== Initializing Servlet 'dispatcherServlet'
2022-11-28 === [http-nio-8080-exec-1] === INFO  === org.springframework.web.servlet.DispatcherServlet ==== Completed initialization in 1 ms
2022-11-28 === [http-nio-8080-exec-1] === INFO  === com.example.demo.aop.MemberAccountAspect ==== 訪問 /doLogin
2022-11-28 === [http-nio-8080-exec-1] === INFO  === com.zaxxer.hikari.HikariDataSource ==== HikariPool-1 - Starting...
2022-11-28 === [http-nio-8080-exec-1] === INFO  === com.zaxxer.hikari.HikariDataSource ==== HikariPool-1 - Start completed.
2022-11-28 === [http-nio-8080-exec-1] === WARN  === com.example.demo.aop.MemberAccountAspect ==== 訪問 /doLogin
2022-11-28 === [http-nio-8080-exec-1] === WARN  === com.example.demo.aop.MemberAccountAspect ==== 帳號或密碼錯誤
2022-11-28 === [http-nio-8080-exec-1] === INFO  === com.example.demo.aop.MemberAccountAspect ==== 訪問 /doLogin
2022-11-28 === [http-nio-8080-exec-1] === WARN  === o.s.w.s.m.m.a.ExceptionHandlerExceptionResolver ==== Resolved [com.example.demo.service.ex.PasswordNotMatchException: 帳號或密碼錯誤]
2022-11-28 === [http-nio-8080-exec-2] === INFO  === com.example.demo.aop.MemberAccountAspect ==== 訪問 /login
2022-11-28 === [http-nio-8080-exec-2] === INFO  === com.example.demo.aop.MemberAccountAspect ==== 訪問 /login
2022-11-28 === [http-nio-8080-exec-2] === INFO  === com.example.demo.aop.MemberAccountAspect ==== Return: login
2022-11-28 === [http-nio-8080-exec-2] === INFO  === com.example.demo.aop.MemberAccountAspect ==== 訪問 /login
2022-11-28 === [http-nio-8080-exec-2] === INFO  === com.example.demo.aop.MemberAccountAspect ==== 訪問 /login Time spent: 3
2022-11-28 === [http-nio-8080-exec-3] === INFO  === com.example.demo.aop.MemberAccountAspect ==== 訪問 /doLogin
2022-11-28 === [http-nio-8080-exec-3] === WARN  === com.example.demo.aop.MemberAccountAspect ==== 訪問 /doLogin
2022-11-28 === [http-nio-8080-exec-3] === WARN  === com.example.demo.aop.MemberAccountAspect ==== 帳號或密碼錯誤
2022-11-28 === [http-nio-8080-exec-3] === INFO  === com.example.demo.aop.MemberAccountAspect ==== 訪問 /doLogin
2022-11-28 === [http-nio-8080-exec-3] === WARN  === o.s.w.s.m.m.a.ExceptionHandlerExceptionResolver ==== Resolved [com.example.demo.service.ex.PasswordNotMatchException: 帳號或密碼錯誤]
2022-11-28 === [http-nio-8080-exec-5] === INFO  === com.example.demo.aop.MemberAccountAspect ==== 訪問 /login
2022-11-28 === [http-nio-8080-exec-5] === INFO  === com.example.demo.aop.MemberAccountAspect ==== 訪問 /login
2022-11-28 === [http-nio-8080-exec-5] === INFO  === com.example.demo.aop.MemberAccountAspect ==== Return: login
2022-11-28 === [http-nio-8080-exec-5] === INFO  === com.example.demo.aop.MemberAccountAspect ==== 訪問 /login
2022-11-28 === [http-nio-8080-exec-5] === INFO  === com.example.demo.aop.MemberAccountAspect ==== 訪問 /login Time spent: 2
2022-11-28 === [http-nio-8080-exec-8] === INFO  === com.example.demo.aop.MemberAccountAspect ==== 訪問 /doLogin
2022-11-28 === [http-nio-8080-exec-8] === WARN  === com.example.demo.aop.MemberAccountAspect ==== 訪問 /doLogin
2022-11-28 === [http-nio-8080-exec-8] === WARN  === com.example.demo.aop.MemberAccountAspect ==== 帳號或密碼錯誤
2022-11-28 === [http-nio-8080-exec-8] === INFO  === com.example.demo.aop.MemberAccountAspect ==== 訪問 /doLogin
2022-11-28 === [http-nio-8080-exec-8] === WARN  === o.s.w.s.m.m.a.ExceptionHandlerExceptionResolver ==== Resolved [com.example.demo.service.ex.PasswordNotMatchException: 帳號或密碼錯誤]
2022-11-28 === [http-nio-8080-exec-2] === INFO  === com.example.demo.aop.MemberAccountAspect ==== 訪問 /login
2022-11-28 === [http-nio-8080-exec-2] === INFO  === com.example.demo.aop.MemberAccountAspect ==== 訪問 /login
2022-11-28 === [http-nio-8080-exec-2] === INFO  === com.example.demo.aop.MemberAccountAspect ==== Return: login
2022-11-28 === [http-nio-8080-exec-2] === INFO  === com.example.demo.aop.MemberAccountAspect ==== 訪問 /login
2022-11-28 === [http-nio-8080-exec-2] === INFO  === com.example.demo.aop.MemberAccountAspect ==== 訪問 /login Time spent: 2
2022-11-28 === [http-nio-8080-exec-4] === INFO  === com.example.demo.aop.MemberAccountAspect ==== 訪問 /doLogin
2022-11-28 === [http-nio-8080-exec-4] === WARN  === com.example.demo.aop.MemberAccountAspect ==== 訪問 /doLogin
2022-11-28 === [http-nio-8080-exec-4] === WARN  === com.example.demo.aop.MemberAccountAspect ==== PreparedStatementCallback; bad SQL grammar [ SELECT MA_ID, NAME, ID_NUMBER, BIRTHDAY, PHONE, C_ID, D_ID, ADDRESS FROM mydb.member  WHERE MA_ID = ? ]; nested exception is java.sql.SQLSyntaxErrorException: Table 'mydb.member' doesn't exist
2022-11-28 === [http-nio-8080-exec-4] === INFO  === com.example.demo.aop.MemberAccountAspect ==== 訪問 /doLogin
2022-11-28 === [http-nio-8080-exec-4] === WARN  === o.s.w.s.m.m.a.ExceptionHandlerExceptionResolver ==== Resolved [org.springframework.jdbc.BadSqlGrammarException: PreparedStatementCallback; bad SQL grammar [ SELECT MA_ID, NAME, ID_NUMBER, BIRTHDAY, PHONE, C_ID, D_ID, ADDRESS FROM mydb.member  WHERE MA_ID = ? ]; nested exception is java.sql.SQLSyntaxErrorException: Table 'mydb.member' doesn't exist]
2022-11-28 === [http-nio-8080-exec-5] === INFO  === com.example.demo.aop.MemberAccountAspect ==== 訪問 /login
2022-11-28 === [http-nio-8080-exec-5] === INFO  === com.example.demo.aop.MemberAccountAspect ==== 訪問 /login
2022-11-28 === [http-nio-8080-exec-5] === INFO  === com.example.demo.aop.MemberAccountAspect ==== Return: login
2022-11-28 === [http-nio-8080-exec-5] === INFO  === com.example.demo.aop.MemberAccountAspect ==== 訪問 /login
2022-11-28 === [http-nio-8080-exec-5] === INFO  === com.example.demo.aop.MemberAccountAspect ==== 訪問 /login Time spent: 2
2022-11-28 === [http-nio-8080-exec-4] === INFO  === com.example.demo.aop.MemberAccountAspect ==== 訪問 /doLogin
2022-11-28 === [http-nio-8080-exec-4] === WARN  === com.example.demo.aop.MemberAccountAspect ==== 訪問 /doLogin
2022-11-28 === [http-nio-8080-exec-4] === WARN  === com.example.demo.aop.MemberAccountAspect ==== 帳號或密碼錯誤
2022-11-28 === [http-nio-8080-exec-4] === INFO  === com.example.demo.aop.MemberAccountAspect ==== 訪問 /doLogin
2022-11-28 === [http-nio-8080-exec-4] === WARN  === o.s.w.s.m.m.a.ExceptionHandlerExceptionResolver ==== Resolved [com.example.demo.service.ex.PasswordNotMatchException: 帳號或密碼錯誤]
2022-11-28 === [http-nio-8080-exec-7] === INFO  === com.example.demo.aop.MemberAccountAspect ==== 訪問 /login
2022-11-28 === [http-nio-8080-exec-7] === INFO  === com.example.demo.aop.MemberAccountAspect ==== 訪問 /login
2022-11-28 === [http-nio-8080-exec-7] === INFO  === com.example.demo.aop.MemberAccountAspect ==== Return: login
2022-11-28 === [http-nio-8080-exec-7] === INFO  === com.example.demo.aop.MemberAccountAspect ==== 訪問 /login
2022-11-28 === [http-nio-8080-exec-7] === INFO  === com.example.demo.aop.MemberAccountAspect ==== 訪問 /login Time spent: 2
2022-11-28 === [http-nio-8080-exec-9] === INFO  === com.example.demo.aop.MemberAccountAspect ==== 訪問 /doLogin
2022-11-28 === [http-nio-8080-exec-9] === WARN  === com.example.demo.aop.MemberAccountAspect ==== 訪問 /doLogin
2022-11-28 === [http-nio-8080-exec-9] === WARN  === com.example.demo.aop.MemberAccountAspect ==== 帳號或密碼錯誤
2022-11-28 === [http-nio-8080-exec-9] === INFO  === com.example.demo.aop.MemberAccountAspect ==== 訪問 /doLogin
2022-11-28 === [http-nio-8080-exec-9] === WARN  === o.s.w.s.m.m.a.ExceptionHandlerExceptionResolver ==== Resolved [com.example.demo.service.ex.PasswordNotMatchException: 帳號或密碼錯誤]
2022-11-28 === [http-nio-8080-exec-1] === INFO  === com.example.demo.aop.MemberAccountAspect ==== 訪問 /login
2022-11-28 === [http-nio-8080-exec-1] === INFO  === com.example.demo.aop.MemberAccountAspect ==== 訪問 /login
2022-11-28 === [http-nio-8080-exec-1] === INFO  === com.example.demo.aop.MemberAccountAspect ==== Return: login
2022-11-28 === [http-nio-8080-exec-1] === INFO  === com.example.demo.aop.MemberAccountAspect ==== 訪問 /login
2022-11-28 === [http-nio-8080-exec-1] === INFO  === com.example.demo.aop.MemberAccountAspect ==== 訪問 /login Time spent: 2
2022-11-28 === [http-nio-8080-exec-8] === INFO  === com.example.demo.aop.MemberAccountAspect ==== 訪問 /doLogin
2022-11-28 === [http-nio-8080-exec-8] === INFO  === com.example.demo.aop.MemberAccountAspect ==== 訪問 /doLogin
2022-11-28 === [http-nio-8080-exec-8] === INFO  === com.example.demo.aop.MemberAccountAspect ==== Return: redirect:information
2022-11-28 === [http-nio-8080-exec-8] === INFO  === com.example.demo.aop.MemberAccountAspect ==== 訪問 /doLogin
2022-11-28 === [http-nio-8080-exec-8] === INFO  === com.example.demo.aop.MemberAccountAspect ==== 訪問 /doLogin Time spent: 12149
2022-11-28 === [http-nio-8080-exec-7] === WARN  === o.s.w.s.m.m.a.ExceptionHandlerExceptionResolver ==== Resolved [org.springframework.jdbc.BadSqlGrammarException: PreparedStatementCallback; bad SQL grammar [ SELECT ID, C_ID, NAME FROM mydb.district WHERE C_ID = ? ]; nested exception is java.sql.SQLSyntaxErrorException: Table 'mydb.district' doesn't exist]
2022-11-28 === [http-nio-8080-exec-4] === WARN  === o.s.w.s.m.m.a.ExceptionHandlerExceptionResolver ==== Resolved [org.springframework.jdbc.BadSqlGrammarException: StatementCallback; bad SQL grammar [ SELECT ID, NAME FROM mydb.county ORDER BY ID ]; nested exception is java.sql.SQLSyntaxErrorException: Table 'mydb.county' doesn't exist]
